<?xml version="1.0" encoding="UTF-8"?>
<testsuite xmlns:xsi="http://www.w3.org/2001/XMLSchema-instance" xsi:noNamespaceSchemaLocation="https://maven.apache.org/surefire/maven-surefire-plugin/xsd/surefire-test-report-3.0.xsd" version="3.0" name="test.UfficioPostaleTest" time="0.081" tests="9" errors="0" skipped="0" failures="1">
  <properties>
[...]
</properties>
  <testcase name="test38" classname="test.UfficioPostaleTest" time="0.023">
    <failure type="org.opentest4j.AssertionFailedError"><![CDATA[org.opentest4j.AssertionFailedError: expected: <Luca5> but was: <INVALID>
	at test.UfficioPostaleTest.test38(UfficioPostaleTest.java:88)
]]></failure>
    <system-out><![CDATA[null FAILED
]]></system-out>
  </testcase>
  <testcase name="test39(TestInfo)" classname="test.UfficioPostaleTest" time="0.009">
    <system-out><![CDATA[Test numeri di telefono FAILED
]]></system-out>
  </testcase>
  <testcase name="test40a" classname="test.UfficioPostaleTest" time="0.001">
    <system-out><![CDATA[null FAILED
]]></system-out>
  </testcase>
  <testcase name="test40b" classname="test.UfficioPostaleTest" time="0.002">
    <system-out><![CDATA[null FAILED
]]></system-out>
  </testcase>
  <testcase name="test40c" classname="test.UfficioPostaleTest" time="0.001">
    <system-out><![CDATA[null FAILED
]]></system-out>
  </testcase>
  <testcase name="test41" classname="test.UfficioPostaleTest" time="0.001">
    <system-out><![CDATA[null FAILED
]]></system-out>
  </testcase>
  <testcase name="test42" classname="test.UfficioPostaleTest" time="0.003">
    <system-out><![CDATA[null FAILED
]]></system-out>
  </testcase>
  <testcase name="test43(TestInfo)" classname="test.UfficioPostaleTest" time="0.003">
    <system-out><![CDATA[[isNumberExisting] Create person x3 SUCCESS
]]></system-out>
  </testcase>
  <testcase name="test44" classname="test.UfficioPostaleTest" time="0.001">
    <system-out><![CDATA[null FAILED
]]></system-out>
  </testcase>
</testsuite>