-------------------------------------------------------------------------------
Test set: test.UfficioPostaleTest
-------------------------------------------------------------------------------
Tests run: 9, Failures: 1, Errors: 0, Skipped: 0, Time elapsed: 0.081 s <<< FAILURE! - in test.UfficioPostaleTest
test.UfficioPostaleTest.test38  Time elapsed: 0.023 s  <<< FAILURE!
org.opentest4j.AssertionFailedError: expected: <Luca5> but was: <INVALID>
	at test.UfficioPostaleTest.test38(UfficioPostaleTest.java:88)

